<?xml version="1.0" encoding="UTF-8"?>
<testsuite xmlns:xsi="http://www.w3.org/2001/XMLSchema-instance" xsi:noNamespaceSchemaLocation="https://maven.apache.org/surefire/maven-surefire-plugin/xsd/surefire-test-report.xsd" name="prova.provaRunner" time="9.348" tests="5" errors="0" skipped="0" failures="0">
  <properties>
    <property name="java.specification.version" value="18"/>
    <property name="sun.cpu.isalist" value="amd64"/>
    <property name="sun.jnu.encoding" value="Cp1252"/>
    <property name="java.class.path" value="C:\Users\Pedro Piccichelli\Desktop\Inatel\Prova-S206\aula_inatel\target\test-classes;C:\Users\Pedro Piccichelli\Desktop\Inatel\Prova-S206\aula_inatel\target\classes;C:\Users\Pedro Piccichelli\.m2\repository\com\intuit\karate\karate-junit5\1.0.1\karate-junit5-1.0.1.jar;C:\Users\Pedro Piccichelli\.m2\repository\com\intuit\karate\karate-core\1.0.1\karate-core-1.0.1.jar;C:\Users\Pedro Piccichelli\.m2\repository\org\graalvm\js\js-scriptengine\21.0.0\js-scriptengine-21.0.0.jar;C:\Users\Pedro Piccichelli\.m2\repository\org\graalvm\sdk\graal-sdk\21.0.0\graal-sdk-21.0.0.jar;C:\Users\Pedro Piccichelli\.m2\repository\org\graalvm\js\js\21.0.0\js-21.0.0.jar;C:\Users\Pedro Piccichelli\.m2\repository\org\graalvm\regex\regex\21.0.0\regex-21.0.0.jar;C:\Users\Pedro Piccichelli\.m2\repository\org\graalvm\truffle\truffle-api\21.0.0\truffle-api-21.0.0.jar;C:\Users\Pedro Piccichelli\.m2\repository\com\ibm\icu\icu4j\67.1\icu4j-67.1.jar;C:\Users\Pedro Piccichelli\.m2\repository\ch\qos\logback\logback-classic\1.2.3\logback-classic-1.2.3.jar;C:\Users\Pedro Piccichelli\.m2\repository\ch\qos\logback\logback-core\1.2.3\logback-core-1.2.3.jar;C:\Users\Pedro Piccichelli\.m2\repository\org\slf4j\slf4j-api\1.7.25\slf4j-api-1.7.25.jar;C:\Users\Pedro Piccichelli\.m2\repository\org\slf4j\jcl-over-slf4j\1.7.25\jcl-over-slf4j-1.7.25.jar;C:\Users\Pedro Piccichelli\.m2\repository\com\jayway\jsonpath\json-path\2.5.0\json-path-2.5.0.jar;C:\Users\Pedro Piccichelli\.m2\repository\net\minidev\json-smart\2.3\json-smart-2.3.jar;C:\Users\Pedro Piccichelli\.m2\repository\net\minidev\accessors-smart\1.2\accessors-smart-1.2.jar;C:\Users\Pedro Piccichelli\.m2\repository\org\ow2\asm\asm\5.0.4\asm-5.0.4.jar;C:\Users\Pedro Piccichelli\.m2\repository\info\cukes\cucumber-java\1.2.5\cucumber-java-1.2.5.jar;C:\Users\Pedro Piccichelli\.m2\repository\info\cukes\cucumber-core\1.2.5\cucumber-core-1.2.5.jar;C:\Users\Pedro Piccichelli\.m2\repository\org\yaml\snakeyaml\1.27\snakeyaml-1.27.jar;C:\Users\Pedro Piccichelli\.m2\repository\de\siegmar\fastcsv\1.0.4\fastcsv-1.0.4.jar;C:\Users\Pedro Piccichelli\.m2\repository\info\picocli\picocli\4.5.2\picocli-4.5.2.jar;C:\Users\Pedro Piccichelli\.m2\repository\org\junit\jupiter\junit-jupiter-api\5.7.0\junit-jupiter-api-5.7.0.jar;C:\Users\Pedro Piccichelli\.m2\repository\org\apiguardian\apiguardian-api\1.1.0\apiguardian-api-1.1.0.jar;C:\Users\Pedro Piccichelli\.m2\repository\org\opentest4j\opentest4j\1.2.0\opentest4j-1.2.0.jar;C:\Users\Pedro Piccichelli\.m2\repository\org\junit\platform\junit-platform-commons\1.7.0\junit-platform-commons-1.7.0.jar;C:\Users\Pedro Piccichelli\.m2\repository\org\junit\jupiter\junit-jupiter-engine\5.7.0\junit-jupiter-engine-5.7.0.jar;C:\Users\Pedro Piccichelli\.m2\repository\org\junit\platform\junit-platform-engine\1.7.0\junit-platform-engine-1.7.0.jar;"/>
    <property name="java.vm.vendor" value="Oracle Corporation"/>
    <property name="sun.arch.data.model" value="64"/>
    <property name="user.variant" value=""/>
    <property name="java.vendor.url" value="https://java.oracle.com/"/>
    <property name="user.timezone" value="America/Sao_Paulo"/>
    <property name="os.name" value="Windows 10"/>
    <property name="java.vm.specification.version" value="18"/>
    <property name="sun.java.launcher" value="SUN_STANDARD"/>
    <property name="user.country" value="BR"/>
    <property name="sun.boot.library.path" value="C:\Program Files\Java\jdk-18.0.2.1\bin"/>
    <property name="sun.java.command" value="C:\Users\PEDROP~1\AppData\Local\Temp\surefire16986616401963482673\surefirebooter17988436975738357300.jar C:\Users\Pedro Piccichelli\AppData\Local\Temp\surefire16986616401963482673 2022-12-07T21-31-07_844-jvmRun1 surefire6426486821244546290tmp surefire_04564890042326956453tmp"/>
    <property name="jdk.debug" value="release"/>
    <property name="test" value="provaRunner"/>
    <property name="surefire.test.class.path" value="C:\Users\Pedro Piccichelli\Desktop\Inatel\Prova-S206\aula_inatel\target\test-classes;C:\Users\Pedro Piccichelli\Desktop\Inatel\Prova-S206\aula_inatel\target\classes;C:\Users\Pedro Piccichelli\.m2\repository\com\intuit\karate\karate-junit5\1.0.1\karate-junit5-1.0.1.jar;C:\Users\Pedro Piccichelli\.m2\repository\com\intuit\karate\karate-core\1.0.1\karate-core-1.0.1.jar;C:\Users\Pedro Piccichelli\.m2\repository\org\graalvm\js\js-scriptengine\21.0.0\js-scriptengine-21.0.0.jar;C:\Users\Pedro Piccichelli\.m2\repository\org\graalvm\sdk\graal-sdk\21.0.0\graal-sdk-21.0.0.jar;C:\Users\Pedro Piccichelli\.m2\repository\org\graalvm\js\js\21.0.0\js-21.0.0.jar;C:\Users\Pedro Piccichelli\.m2\repository\org\graalvm\regex\regex\21.0.0\regex-21.0.0.jar;C:\Users\Pedro Piccichelli\.m2\repository\org\graalvm\truffle\truffle-api\21.0.0\truffle-api-21.0.0.jar;C:\Users\Pedro Piccichelli\.m2\repository\com\ibm\icu\icu4j\67.1\icu4j-67.1.jar;C:\Users\Pedro Piccichelli\.m2\repository\ch\qos\logback\logback-classic\1.2.3\logback-classic-1.2.3.jar;C:\Users\Pedro Piccichelli\.m2\repository\ch\qos\logback\logback-core\1.2.3\logback-core-1.2.3.jar;C:\Users\Pedro Piccichelli\.m2\repository\org\slf4j\slf4j-api\1.7.25\slf4j-api-1.7.25.jar;C:\Users\Pedro Piccichelli\.m2\repository\org\slf4j\jcl-over-slf4j\1.7.25\jcl-over-slf4j-1.7.25.jar;C:\Users\Pedro Piccichelli\.m2\repository\com\jayway\jsonpath\json-path\2.5.0\json-path-2.5.0.jar;C:\Users\Pedro Piccichelli\.m2\repository\net\minidev\json-smart\2.3\json-smart-2.3.jar;C:\Users\Pedro Piccichelli\.m2\repository\net\minidev\accessors-smart\1.2\accessors-smart-1.2.jar;C:\Users\Pedro Piccichelli\.m2\repository\org\ow2\asm\asm\5.0.4\asm-5.0.4.jar;C:\Users\Pedro Piccichelli\.m2\repository\info\cukes\cucumber-java\1.2.5\cucumber-java-1.2.5.jar;C:\Users\Pedro Piccichelli\.m2\repository\info\cukes\cucumber-core\1.2.5\cucumber-core-1.2.5.jar;C:\Users\Pedro Piccichelli\.m2\repository\org\yaml\snakeyaml\1.27\snakeyaml-1.27.jar;C:\Users\Pedro Piccichelli\.m2\repository\de\siegmar\fastcsv\1.0.4\fastcsv-1.0.4.jar;C:\Users\Pedro Piccichelli\.m2\repository\info\picocli\picocli\4.5.2\picocli-4.5.2.jar;C:\Users\Pedro Piccichelli\.m2\repository\org\junit\jupiter\junit-jupiter-api\5.7.0\junit-jupiter-api-5.7.0.jar;C:\Users\Pedro Piccichelli\.m2\repository\org\apiguardian\apiguardian-api\1.1.0\apiguardian-api-1.1.0.jar;C:\Users\Pedro Piccichelli\.m2\repository\org\opentest4j\opentest4j\1.2.0\opentest4j-1.2.0.jar;C:\Users\Pedro Piccichelli\.m2\repository\org\junit\platform\junit-platform-commons\1.7.0\junit-platform-commons-1.7.0.jar;C:\Users\Pedro Piccichelli\.m2\repository\org\junit\jupiter\junit-jupiter-engine\5.7.0\junit-jupiter-engine-5.7.0.jar;C:\Users\Pedro Piccichelli\.m2\repository\org\junit\platform\junit-platform-engine\1.7.0\junit-platform-engine-1.7.0.jar;"/>
    <property name="sun.cpu.endian" value="little"/>
    <property name="user.home" value="C:\Users\Pedro Piccichelli"/>
    <property name="user.language" value="pt"/>
    <property name="java.specification.vendor" value="Oracle Corporation"/>
    <property name="java.version.date" value="2022-08-18"/>
    <property name="java.home" value="C:\Program Files\Java\jdk-18.0.2.1"/>
    <property name="file.separator" value="\"/>
    <property name="basedir" value="C:\Users\Pedro Piccichelli\Desktop\Inatel\Prova-S206\aula_inatel"/>
    <property name="java.vm.compressedOopsMode" value="Zero based"/>
    <property name="line.separator" value="&#10;"/>
    <property name="java.vm.specification.vendor" value="Oracle Corporation"/>
    <property name="java.specification.name" value="Java Platform API Specification"/>
    <property name="surefire.real.class.path" value="C:\Users\PEDROP~1\AppData\Local\Temp\surefire16986616401963482673\surefirebooter17988436975738357300.jar"/>
    <property name="user.script" value=""/>
    <property name="sun.management.compiler" value="HotSpot 64-Bit Tiered Compilers"/>
    <property name="java.runtime.version" value="18.0.2.1+1-1"/>
    <property name="user.name" value="Pedro Piccichelli"/>
    <property name="path.separator" value=";"/>
    <property name="os.version" value="10.0"/>
    <property name="java.runtime.name" value="Java(TM) SE Runtime Environment"/>
    <property name="file.encoding" value="UTF-8"/>
    <property name="java.vm.name" value="Java HotSpot(TM) 64-Bit Server VM"/>
    <property name="localRepository" value="C:\Users\Pedro Piccichelli\.m2\repository"/>
    <property name="java.vendor.url.bug" value="https://bugreport.java.com/bugreport/"/>
    <property name="java.io.tmpdir" value="C:\Users\PEDROP~1\AppData\Local\Temp\"/>
    <property name="java.version" value="18.0.2.1"/>
    <property name="user.dir" value="C:\Users\Pedro Piccichelli\Desktop\Inatel\Prova-S206\aula_inatel"/>
    <property name="os.arch" value="amd64"/>
    <property name="java.vm.specification.name" value="Java Virtual Machine Specification"/>
    <property name="sun.os.patch.level" value=""/>
    <property name="native.encoding" value="Cp1252"/>
    <property name="java.library.path" value="C:\Program Files\Java\jdk-18.0.2.1\bin;C:\Windows\Sun\Java\bin;C:\Windows\system32;C:\Windows;C:\Users\Pedro Piccichelli\bin;C:\Program Files\Git\mingw64\bin;C:\Program Files\Git\usr\local\bin;C:\Program Files\Git\usr\bin;C:\Program Files\Git\usr\bin;C:\Program Files\Git\mingw64\bin;C:\Program Files\Git\usr\bin;C:\Users\Pedro Piccichelli\bin;C:\Python311\Scripts;C:\Python311;C:\Program Files\Common Files\Oracle\Java\javapath;C:\Users\Pedro Piccichelli\AppData\Local\Programs\Python\Python310\Scripts;C:\ProgramData\Oracle\Java\javapath;E:\Falcon\MinGW\bin;C:\Windows\system32;C:\Windows;C:\Windows\System32\Wbem;C:\Windows\System32\WindowsPowerShell\v1.0;C:\Windows\System32\OpenSSH;C:\Program Files\NVIDIA Corporation\NVIDIA NvDLISR;C:\Program Files (x86)\NVIDIA Corporation\PhysX\Common;C:\Program Files\Git\cmd;C:\Program Files\nodejs;C:\ProgramData\chocolatey\bin;C:\Program Files\Docker\Docker\resources\bin;C:\Program Files\PuTTY;C:\Program Files (x86)\Tailscale IPN;C:\Program Files\Amazon\AWSCLIV2;C:\Users\Pedro Piccichelli\AppData\Local\Programs\Python\Python310\Scripts;C:\Users\Pedro Piccichelli\AppData\Local\Programs\Python\Python310;C:\Users\Pedro Piccichelli\AppData\Local\Microsoft\WindowsApps;C:\Users\Pedro Piccichelli\AppData\Local\Programs\Microsoft VS Code\bin;E:\IntelliJ IDEA Community Edition 2022.2.1\bin;E:\apache-maven-3.8.6-bin\apache-maven-3.8.6\bin;C:\Users\Pedro Piccichelli\AppData\Roaming\npm;C:\Program Files\Git\usr\bin\vendor_perl;C:\Program Files\Git\usr\bin\core_perl;."/>
    <property name="java.vm.info" value="mixed mode, sharing"/>
    <property name="java.vendor" value="Oracle Corporation"/>
    <property name="java.vm.version" value="18.0.2.1+1-1"/>
    <property name="sun.io.unicode.encoding" value="UnicodeLittle"/>
    <property name="java.class.version" value="62.0"/>
  </properties>
  <testcase name="testGorest[1][1]" classname="prova.provaRunner" time="2.68"/>
  <testcase name="testGorest[1][2]" classname="prova.provaRunner" time="0.516"/>
  <testcase name="testGorest[1][3]" classname="prova.provaRunner" time="1.198"/>
  <testcase name="testGorest[1][4]" classname="prova.provaRunner" time="1.249"/>
  <testcase name="testGorest[1][5]" classname="prova.provaRunner" time="3.068"/>
</testsuite>